生成启动时间为 2018/1/14 10:49:45。
     1>项目“C:\Users\Administrator\Desktop\SQLite\SQLiteProject\能够运行的程序\已验证程序\GitHub网站上程序\inventory已完成有缺陷\原版\sqlite\sqlite\sqlite.vcxproj”在节点 2 上(Build 个目标)。
     1>ClCompile:
         C:\Program Files (x86)\Microsoft Visual Studio 12.0\VC\bin\CL.exe /c /ZI /nologo /W3 /WX- /sdl /Od /Oy- /D _CRT_SECURE_NO_WARNINGS /D _UNICODE /D UNICODE /Gm /EHsc /RTC1 /MDd /GS /fp:precise /Zc:wchar_t /Zc:forScope /Fo"Debug\\" /Fd"Debug\vc120.pdb" /Gd /TC /analyze- /errorReport:prompt add_item.c date.c get_item.c get_quantity.c main.c sqlite3.c stockin.c stockout.c viewreport.c viewstock.c
         viewstock.c
     1>c:\users\administrator\desktop\sqlite\sqliteproject\能够运行的程序\已验证程序\github网站上程序\inventory已完成有缺陷\原版\sqlite\sqlite\viewstock.c(53): warning C4013: “main”未定义；假设外部返回 int
         viewreport.c
     1>c:\users\administrator\desktop\sqlite\sqliteproject\能够运行的程序\已验证程序\github网站上程序\inventory已完成有缺陷\原版\sqlite\sqlite\viewreport.c(53): warning C4013: “main”未定义；假设外部返回 int
         stockout.c
     1>c:\users\administrator\desktop\sqlite\sqliteproject\能够运行的程序\已验证程序\github网站上程序\inventory已完成有缺陷\原版\sqlite\sqlite\stockout.c(69): warning C4013: “getStockQty”未定义；假设外部返回 int
     1>c:\users\administrator\desktop\sqlite\sqliteproject\能够运行的程序\已验证程序\github网站上程序\inventory已完成有缺陷\原版\sqlite\sqlite\stockout.c(90): warning C4013: “main”未定义；假设外部返回 int
     1>c:\users\administrator\desktop\sqlite\sqliteproject\能够运行的程序\已验证程序\github网站上程序\inventory已完成有缺陷\原版\sqlite\sqlite\stockout.c(29): warning C4101: “item”: 未引用的局部变量
         stockin.c
     1>c:\users\administrator\desktop\sqlite\sqliteproject\能够运行的程序\已验证程序\github网站上程序\inventory已完成有缺陷\原版\sqlite\sqlite\stockin.c(38): warning C4013: “validate”未定义；假设外部返回 int
     1>c:\users\administrator\desktop\sqlite\sqliteproject\能够运行的程序\已验证程序\github网站上程序\inventory已完成有缺陷\原版\sqlite\sqlite\stockin.c(73): warning C4013: “getStockQty”未定义；假设外部返回 int
     1>c:\users\administrator\desktop\sqlite\sqliteproject\能够运行的程序\已验证程序\github网站上程序\inventory已完成有缺陷\原版\sqlite\sqlite\stockin.c(93): warning C4013: “main”未定义；假设外部返回 int
     1>c:\users\administrator\desktop\sqlite\sqliteproject\能够运行的程序\已验证程序\github网站上程序\inventory已完成有缺陷\原版\sqlite\sqlite\stockin.c(15): warning C4101: “temp”: 未引用的局部变量
         sqlite3.c
         main.c
     1>c:\users\administrator\desktop\sqlite\sqliteproject\能够运行的程序\已验证程序\github网站上程序\inventory已完成有缺陷\原版\sqlite\sqlite\main.c(17): warning C4013: “isdigit”未定义；假设外部返回 int
     1>c:\users\administrator\desktop\sqlite\sqliteproject\能够运行的程序\已验证程序\github网站上程序\inventory已完成有缺陷\原版\sqlite\sqlite\main.c(68): warning C4013: “viewReport”未定义；假设外部返回 int
     1>c:\users\administrator\desktop\sqlite\sqliteproject\能够运行的程序\已验证程序\github网站上程序\inventory已完成有缺陷\原版\sqlite\sqlite\main.c(25): warning C4101: “buffer”: 未引用的局部变量
         get_quantity.c
     1>c:\users\administrator\desktop\sqlite\sqliteproject\能够运行的程序\已验证程序\github网站上程序\inventory已完成有缺陷\原版\sqlite\sqlite\get_quantity.c(12): warning C4101: “con2”: 未引用的局部变量
         get_item.c
     1>c:\users\administrator\desktop\sqlite\sqliteproject\能够运行的程序\已验证程序\github网站上程序\inventory已完成有缺陷\原版\sqlite\sqlite\get_item.c(25): warning C4101: “choice”: 未引用的局部变量
         date.c
         add_item.c
     1>c:\users\administrator\desktop\sqlite\sqliteproject\能够运行的程序\已验证程序\github网站上程序\inventory已完成有缺陷\原版\sqlite\sqlite\add_item.c(72): warning C4013: “main”未定义；假设外部返回 int
     1>c:\users\administrator\desktop\sqlite\sqliteproject\能够运行的程序\已验证程序\github网站上程序\inventory已完成有缺陷\原版\sqlite\sqlite\add_item.c(52): warning C4102: “query”: 未引用的标签
         正在生成代码...
     1>c:\users\administrator\desktop\sqlite\sqliteproject\能够运行的程序\已验证程序\github网站上程序\inventory已完成有缺陷\原版\sqlite\sqlite\add_item.c(7): warning C4716: “callback1”: 必须返回一个值
     1>c:\users\administrator\desktop\sqlite\sqliteproject\能够运行的程序\已验证程序\github网站上程序\inventory已完成有缺陷\原版\sqlite\sqlite\stockin.c(9): warning C4716: “callback1”: 必须返回一个值
     1>c:\users\administrator\desktop\sqlite\sqliteproject\能够运行的程序\已验证程序\github网站上程序\inventory已完成有缺陷\原版\sqlite\sqlite\stockout.c(10): warning C4716: “callback1”: 必须返回一个值
       Link:
         C:\Program Files (x86)\Microsoft Visual Studio 12.0\VC\bin\link.exe /ERRORREPORT:PROMPT /OUT:"C:\Users\Administrator\Desktop\SQLite\SQLiteProject\能够运行的程序\已验证程序\GitHub网站上程序\inventory已完成有缺陷\原版\sqlite\Debug\sqlite.exe" /INCREMENTAL /NOLOGO kernel32.lib user32.lib gdi32.lib winspool.lib comdlg32.lib advapi32.lib shell32.lib ole32.lib oleaut32.lib uuid.lib odbc32.lib odbccp32.lib /MANIFEST /MANIFESTUAC:"level='asInvoker' uiAccess='false'" /manifest:embed /DEBUG /PDB:"C:\Users\Administrator\Desktop\SQLite\SQLiteProject\能够运行的程序\已验证程序\GitHub网站上程序\inventory已完成有缺陷\原版\sqlite\Debug\sqlite.pdb" /SUBSYSTEM:CONSOLE /STACK:"10000000" /TLBID:1 /DYNAMICBASE /NXCOMPAT /IMPLIB:"C:\Users\Administrator\Desktop\SQLite\SQLiteProject\能够运行的程序\已验证程序\GitHub网站上程序\inventory已完成有缺陷\原版\sqlite\Debug\sqlite.lib" /MACHINE:X86 Debug\add_item.obj
         Debug\date.obj
         Debug\get_item.obj
         Debug\get_quantity.obj
         Debug\main.obj
         Debug\sqlite3.obj
         Debug\stockin.obj
         Debug\stockout.obj
         Debug\viewreport.obj
         Debug\viewstock.obj
         sqlite.vcxproj -> C:\Users\Administrator\Desktop\SQLite\SQLiteProject\能够运行的程序\已验证程序\GitHub网站上程序\inventory已完成有缺陷\原版\sqlite\Debug\sqlite.exe
     1>已完成生成项目“C:\Users\Administrator\Desktop\SQLite\SQLiteProject\能够运行的程序\已验证程序\GitHub网站上程序\inventory已完成有缺陷\原版\sqlite\sqlite\sqlite.vcxproj”(Build 个目标)的操作。

生成成功。

已用时间 00:00:08.79
