c:\users\administrator\desktop\sqlite\sqliteproject\sqlite\sqlite\debug\vc120.pdb
c:\users\administrator\desktop\sqlite\sqliteproject\sqlite\sqlite\debug\vc120.idb
c:\users\administrator\desktop\sqlite\sqliteproject\sqlite\sqlite\debug\sqlite3.obj
c:\users\administrator\desktop\sqlite\sqliteproject\能够运行的程序\已经发现问题的代码\task\运行版本\sqlite（c++版本）\sqlite\debug\vc120.pdb
c:\users\administrator\desktop\sqlite\sqliteproject\能够运行的程序\已经发现问题的代码\task\运行版本\sqlite（c++版本）\sqlite\debug\vc120.idb
c:\users\administrator\desktop\sqlite\sqliteproject\能够运行的程序\已经发现问题的代码\task\运行版本\sqlite（c++版本）\sqlite\debug\sqlite3.obj
c:\users\administrator\desktop\sqlite\sqliteproject\能够运行的程序\已经发现问题的代码\task\运行版本\sqlite（c++版本）\sqlite\debug\taskmanager.obj
c:\users\administrator\desktop\sqlite\sqliteproject\能够运行的程序\已经发现问题的代码\task\运行版本\sqlite（c++版本）\sqlite\debug\tasker.obj
c:\users\administrator\desktop\sqlite\sqliteproject\能够运行的程序\已经发现问题的代码\task\运行版本\sqlite（c++版本）\sqlite\debug\taskerdb.obj
c:\users\administrator\desktop\sqlite\sqliteproject\能够运行的程序\已经发现问题的代码\task\运行版本\sqlite（c++版本）\sqlite\debug\taskerscreens.obj
c:\users\administrator\desktop\sqlite\sqliteproject\sqlite\debug\sqlite.ilk
c:\users\administrator\desktop\sqlite\sqliteproject\sqlite\debug\sqlite.exe
c:\users\administrator\desktop\sqlite\sqliteproject\sqlite\debug\sqlite.pdb
c:\users\administrator\desktop\sqlite\sqliteproject\能够运行的程序\已经发现问题的代码\task\运行版本\sqlite（c++版本）\debug\sqlite.ilk
c:\users\administrator\desktop\sqlite\sqliteproject\能够运行的程序\已经发现问题的代码\task\运行版本\sqlite（c++版本）\debug\sqlite.exe
c:\users\administrator\desktop\sqlite\sqliteproject\能够运行的程序\已经发现问题的代码\task\运行版本\sqlite（c++版本）\debug\sqlite.pdb
c:\users\administrator\desktop\sqlite\sqliteproject\能够运行的程序\已经发现问题的代码\task\运行版本\sqlite（c++版本）\sqlite\debug\main.obj
c:\users\administrator\desktop\sqlite\sqliteproject\能够运行的程序\已经发现问题的代码\task\运行版本\sqlite（c++版本）\sqlite\debug\qgb.obj
c:\users\administrator\desktop\sqlite\sqliteproject\能够运行的程序\已经发现问题的代码\task\运行版本\sqlite（c++版本）\sqlite\debug\sqlite.tlog\cl.command.1.tlog
c:\users\administrator\desktop\sqlite\sqliteproject\能够运行的程序\已经发现问题的代码\task\运行版本\sqlite（c++版本）\sqlite\debug\sqlite.tlog\cl.read.1.tlog
c:\users\administrator\desktop\sqlite\sqliteproject\能够运行的程序\已经发现问题的代码\task\运行版本\sqlite（c++版本）\sqlite\debug\sqlite.tlog\cl.write.1.tlog
c:\users\administrator\desktop\sqlite\sqliteproject\能够运行的程序\已经发现问题的代码\task\运行版本\sqlite（c++版本）\sqlite\debug\sqlite.tlog\link.command.1.tlog
c:\users\administrator\desktop\sqlite\sqliteproject\能够运行的程序\已经发现问题的代码\task\运行版本\sqlite（c++版本）\sqlite\debug\sqlite.tlog\link.read.1.tlog
c:\users\administrator\desktop\sqlite\sqliteproject\能够运行的程序\已经发现问题的代码\task\运行版本\sqlite（c++版本）\sqlite\debug\sqlite.tlog\link.write.1.tlog
