c:\users\administrator\desktop\sqlite\sqliteproject\sqlite\sqlite\debug\vc120.pdb
c:\users\administrator\desktop\sqlite\sqliteproject\sqlite\sqlite\debug\vc120.idb
c:\users\administrator\desktop\sqlite\sqliteproject\sqlite\sqlite\debug\shell.obj
c:\users\administrator\desktop\sqlite\sqliteproject\sqlite\sqlite\debug\sqlite3.obj
c:\users\administrator\desktop\sqlite\sqliteproject\sqlite\sqlite\debug\main.obj
c:\users\administrator\desktop\sqlite\sqliteproject\sqlite - test\sqlite\debug\vc120.pdb
c:\users\administrator\desktop\sqlite\sqliteproject\sqlite - test\sqlite\debug\vc120.idb
c:\users\administrator\desktop\sqlite\sqliteproject\sqlite - test\sqlite\debug\main.obj
c:\users\administrator\desktop\sqlite\sqliteproject\sqlite - test\sqlite\debug\sqlitemanager.obj
c:\users\administrator\desktop\sqlite\sqliteproject\sqlite - test\sqlite\debug\sqlite3.obj
c:\users\administrator\desktop\sqlite\sqliteproject\能够运行的程序\已经发现问题的代码\databasemanager\sqlite - test\sqlite\debug\vc120.pdb
c:\users\administrator\desktop\sqlite\sqliteproject\能够运行的程序\已经发现问题的代码\databasemanager\sqlite - test\sqlite\debug\vc120.idb
c:\users\administrator\desktop\sqlite\sqliteproject\能够运行的程序\已经发现问题的代码\databasemanager\sqlite - test\sqlite\debug\sqlitemanager.obj
c:\users\administrator\desktop\sqlite\sqliteproject\能够运行的程序\已经发现问题的代码\databasemanager\sqlite - test\sqlite\debug\main.obj
c:\users\administrator\desktop\sqlite\sqliteproject\能够运行的程序\已经发现问题的代码\databasemanager\sqlite - test\sqlite\debug\sqlite3.obj
c:\users\administrator\desktop\sqlite\sqliteproject\sqlite\debug\sqlite.ilk
c:\users\administrator\desktop\sqlite\sqliteproject\sqlite\debug\sqlite.exe
c:\users\administrator\desktop\sqlite\sqliteproject\sqlite\debug\sqlite.pdb
c:\users\administrator\desktop\sqlite\sqliteproject\sqlite - test\debug\sqlite.ilk
c:\users\administrator\desktop\sqlite\sqliteproject\sqlite - test\debug\sqlite.exe
c:\users\administrator\desktop\sqlite\sqliteproject\sqlite - test\debug\sqlite.pdb
c:\users\administrator\desktop\sqlite\sqliteproject\能够运行的程序\已经发现问题的代码\databasemanager\sqlite - test\debug\sqlite.ilk
c:\users\administrator\desktop\sqlite\sqliteproject\能够运行的程序\已经发现问题的代码\databasemanager\sqlite - test\debug\sqlite.exe
c:\users\administrator\desktop\sqlite\sqliteproject\能够运行的程序\已经发现问题的代码\databasemanager\sqlite - test\debug\sqlite.pdb
c:\users\administrator\desktop\sqlite\sqliteproject\能够运行的程序\已经发现问题的代码\databasemanager\sqlite - test\sqlite\debug\shell.obj
c:\users\administrator\desktop\sqlite\sqliteproject\能够运行的程序\已经发现问题的代码\databasemanager\sqlite - test\sqlite\debug\sqlite.tlog\cl.command.1.tlog
c:\users\administrator\desktop\sqlite\sqliteproject\能够运行的程序\已经发现问题的代码\databasemanager\sqlite - test\sqlite\debug\sqlite.tlog\cl.read.1.tlog
c:\users\administrator\desktop\sqlite\sqliteproject\能够运行的程序\已经发现问题的代码\databasemanager\sqlite - test\sqlite\debug\sqlite.tlog\cl.write.1.tlog
c:\users\administrator\desktop\sqlite\sqliteproject\能够运行的程序\已经发现问题的代码\databasemanager\sqlite - test\sqlite\debug\sqlite.tlog\link.command.1.tlog
c:\users\administrator\desktop\sqlite\sqliteproject\能够运行的程序\已经发现问题的代码\databasemanager\sqlite - test\sqlite\debug\sqlite.tlog\link.read.1.tlog
c:\users\administrator\desktop\sqlite\sqliteproject\能够运行的程序\已经发现问题的代码\databasemanager\sqlite - test\sqlite\debug\sqlite.tlog\link.write.1.tlog
